<?xml version="1.0" encoding="UTF-8"?>
<testsuite name="com.codefolio.CodefolioApplicationTests" tests="1" skipped="0" failures="0" errors="0" timestamp="2022-07-06T10:54:31" hostname="hweyoungui-MacBookAir.local" time="0.402">
  <properties/>
  <testcase name="contextLoads()" classname="com.codefolio.CodefolioApplicationTests" time="0.402"/>
  <system-out><![CDATA[19:54:21.497 [Test worker] DEBUG org.springframework.test.context.BootstrapUtils - Instantiating CacheAwareContextLoaderDelegate from class [org.springframework.test.context.cache.DefaultCacheAwareContextLoaderDelegate]
19:54:21.506 [Test worker] DEBUG org.springframework.test.context.BootstrapUtils - Instantiating BootstrapContext using constructor [public org.springframework.test.context.support.DefaultBootstrapContext(java.lang.Class,org.springframework.test.context.CacheAwareContextLoaderDelegate)]
19:54:21.550 [Test worker] DEBUG org.springframework.test.context.BootstrapUtils - Instantiating TestContextBootstrapper for test class [com.codefolio.CodefolioApplicationTests] from class [org.springframework.boot.test.context.SpringBootTestContextBootstrapper]
19:54:21.562 [Test worker] INFO org.springframework.boot.test.context.SpringBootTestContextBootstrapper - Neither @ContextConfiguration nor @ContextHierarchy found for test class [com.codefolio.CodefolioApplicationTests], using SpringBootContextLoader
19:54:21.565 [Test worker] DEBUG org.springframework.test.context.support.AbstractContextLoader - Did not detect default resource location for test class [com.codefolio.CodefolioApplicationTests]: class path resource [com/codefolio/CodefolioApplicationTests-context.xml] does not exist
19:54:21.566 [Test worker] DEBUG org.springframework.test.context.support.AbstractContextLoader - Did not detect default resource location for test class [com.codefolio.CodefolioApplicationTests]: class path resource [com/codefolio/CodefolioApplicationTestsContext.groovy] does not exist
19:54:21.567 [Test worker] INFO org.springframework.test.context.support.AbstractContextLoader - Could not detect default resource locations for test class [com.codefolio.CodefolioApplicationTests]: no resource found for suffixes {-context.xml, Context.groovy}.
19:54:21.567 [Test worker] INFO org.springframework.test.context.support.AnnotationConfigContextLoaderUtils - Could not detect default configuration classes for test class [com.codefolio.CodefolioApplicationTests]: CodefolioApplicationTests does not declare any static, non-private, non-final, nested classes annotated with @Configuration.
19:54:21.618 [Test worker] DEBUG org.springframework.test.context.support.ActiveProfilesUtils - Could not find an 'annotation declaring class' for annotation type [org.springframework.test.context.ActiveProfiles] and class [com.codefolio.CodefolioApplicationTests]
19:54:21.695 [Test worker] DEBUG org.springframework.context.annotation.ClassPathScanningCandidateComponentProvider - Identified candidate component class: file [/Users/hweyoung/Desktop/codefolio_sec/codefolio/build/classes/java/main/com/codefolio/CodefolioApplication.class]
19:54:21.698 [Test worker] INFO org.springframework.boot.test.context.SpringBootTestContextBootstrapper - Found @SpringBootConfiguration com.codefolio.CodefolioApplication for test class com.codefolio.CodefolioApplicationTests
19:54:21.815 [Test worker] DEBUG org.springframework.boot.test.context.SpringBootTestContextBootstrapper - @TestExecutionListeners is not present for class [com.codefolio.CodefolioApplicationTests]: using defaults.
19:54:21.816 [Test worker] INFO org.springframework.boot.test.context.SpringBootTestContextBootstrapper - Loaded default TestExecutionListener class names from location [META-INF/spring.factories]: [org.springframework.security.test.context.support.WithSecurityContextTestExecutionListener, org.springframework.security.test.context.support.ReactorContextTestExecutionListener, org.springframework.boot.test.autoconfigure.restdocs.RestDocsTestExecutionListener, org.springframework.boot.test.autoconfigure.web.client.MockRestServiceServerResetTestExecutionListener, org.springframework.boot.test.autoconfigure.web.servlet.MockMvcPrintOnlyOnFailureTestExecutionListener, org.springframework.boot.test.autoconfigure.web.servlet.WebDriverTestExecutionListener, org.springframework.boot.test.autoconfigure.webservices.client.MockWebServiceServerTestExecutionListener, org.springframework.boot.test.mock.mockito.MockitoTestExecutionListener, org.springframework.boot.test.mock.mockito.ResetMocksTestExecutionListener, org.springframework.test.context.web.ServletTestExecutionListener, org.springframework.test.context.support.DirtiesContextBeforeModesTestExecutionListener, org.springframework.test.context.event.ApplicationEventsTestExecutionListener, org.springframework.test.context.support.DependencyInjectionTestExecutionListener, org.springframework.test.context.support.DirtiesContextTestExecutionListener, org.springframework.test.context.transaction.TransactionalTestExecutionListener, org.springframework.test.context.jdbc.SqlScriptsTestExecutionListener, org.springframework.test.context.event.EventPublishingTestExecutionListener]
19:54:21.882 [Test worker] INFO org.springframework.boot.test.context.SpringBootTestContextBootstrapper - Using TestExecutionListeners: [org.springframework.test.context.web.ServletTestExecutionListener@c20be82, org.springframework.test.context.support.DirtiesContextBeforeModesTestExecutionListener@13c612bd, org.springframework.test.context.event.ApplicationEventsTestExecutionListener@3ef41c66, org.springframework.boot.test.mock.mockito.MockitoTestExecutionListener@6b739528, org.springframework.boot.test.autoconfigure.SpringBootDependencyInjectionTestExecutionListener@622ef26a, org.springframework.test.context.support.DirtiesContextTestExecutionListener@41de5768, org.springframework.test.context.transaction.TransactionalTestExecutionListener@5f577419, org.springframework.test.context.jdbc.SqlScriptsTestExecutionListener@28fa700e, org.springframework.security.test.context.support.WithSecurityContextTestExecutionListener@3d526ad9, org.springframework.test.context.event.EventPublishingTestExecutionListener@e041f0c, org.springframework.security.test.context.support.ReactorContextTestExecutionListener@6a175569, org.springframework.boot.test.autoconfigure.restdocs.RestDocsTestExecutionListener@11963225, org.springframework.boot.test.autoconfigure.web.client.MockRestServiceServerResetTestExecutionListener@3f3c966c, org.springframework.boot.test.autoconfigure.web.servlet.MockMvcPrintOnlyOnFailureTestExecutionListener@11ee02f8, org.springframework.boot.test.autoconfigure.web.servlet.WebDriverTestExecutionListener@4102b1b1, org.springframework.boot.test.autoconfigure.webservices.client.MockWebServiceServerTestExecutionListener@61a5b4ae, org.springframework.boot.test.mock.mockito.ResetMocksTestExecutionListener@3a71c100]
19:54:21.889 [Test worker] DEBUG org.springframework.test.context.support.AbstractDirtiesContextTestExecutionListener - Before test class: context [DefaultTestContext@308a6984 testClass = CodefolioApplicationTests, testInstance = [null], testMethod = [null], testException = [null], mergedContextConfiguration = [WebMergedContextConfiguration@66b72664 testClass = CodefolioApplicationTests, locations = '{}', classes = '{class com.codefolio.CodefolioApplication}', contextInitializerClasses = '[]', activeProfiles = '{}', propertySourceLocations = '{}', propertySourceProperties = '{org.springframework.boot.test.context.SpringBootTestContextBootstrapper=true}', contextCustomizers = set[org.springframework.boot.test.autoconfigure.actuate.metrics.MetricsExportContextCustomizerFactory$DisableMetricExportContextCustomizer@1c7fd41f, org.springframework.boot.test.autoconfigure.properties.PropertyMappingContextCustomizer@0, org.springframework.boot.test.autoconfigure.web.servlet.WebDriverContextCustomizerFactory$Customizer@51cd7ffc, org.springframework.boot.test.context.filter.ExcludeFilterContextCustomizer@6f2cb653, org.springframework.boot.test.json.DuplicateJsonObjectContextCustomizerFactory$DuplicateJsonObjectContextCustomizer@6b9ce1bf, org.springframework.boot.test.mock.mockito.MockitoContextCustomizer@0, org.springframework.boot.test.web.client.TestRestTemplateContextCustomizer@3f053c80, org.springframework.boot.test.context.SpringBootTestArgs@1, org.springframework.boot.test.context.SpringBootTestWebEnvironment@4dd6fd0a], resourceBasePath = 'src/main/webapp', contextLoader = 'org.springframework.boot.test.context.SpringBootContextLoader', parent = [null]], attributes = map['org.springframework.test.context.web.ServletTestExecutionListener.activateListener' -> true]], class annotated with @DirtiesContext [false] with mode [null].

  .   ____          _            __ _ _
 /\\ / ___'_ __ _ _(_)_ __  __ _ \ \ \ \
( ( )\___ | '_ | '_| | '_ \/ _` | \ \ \ \
 \\/  ___)| |_)| | | | | || (_| |  ) ) ) )
  '  |____| .__|_| |_|_| |_\__, | / / / /
 =========|_|==============|___/=/_/_/_/
 :: Spring Boot ::                (v2.6.3)

INFO  22-07-06 19:54:22[Test worker] [CodefolioApplicationTests:55] - Starting CodefolioApplicationTests using Java 11.0.12 on hweyoungui-MacBookAir.local with PID 55438 (started by hweyoung in /Users/hweyoung/Desktop/codefolio_sec/codefolio)
INFO  22-07-06 19:54:22[Test worker] [CodefolioApplicationTests:637] - No active profile set, falling back to default profiles: default
INFO  22-07-06 19:54:29[Test worker] [DefaultSecurityFilterChain:51] - Will secure any request with [org.springframework.security.web.context.request.async.WebAsyncManagerIntegrationFilter@510203de, org.springframework.security.web.context.SecurityContextPersistenceFilter@4bceac99, org.springframework.security.web.header.HeaderWriterFilter@1cfd6f63, org.springframework.security.web.authentication.logout.LogoutFilter@61c145cb, com.codefolio.config.exception.jwt.JwtExceptionFilter@5b0835cb, com.codefolio.config.jwt.JwtAuthenticationFilter@68229a6, org.springframework.security.web.savedrequest.RequestCacheAwareFilter@23263ba, org.springframework.security.web.servletapi.SecurityContextHolderAwareRequestFilter@1e4c4fda, org.springframework.security.web.authentication.AnonymousAuthenticationFilter@62615be, org.springframework.security.web.session.SessionManagementFilter@6a5c2d2d, org.springframework.security.web.access.ExceptionTranslationFilter@3d50a3d9, org.springframework.security.web.access.intercept.FilterSecurityInterceptor@4cb58e8b]
WARN  22-07-06 19:54:31[Test worker] [OperationImplicitParameterReader:170] - Unable to interpret the implicit parameter configuration with dataType: string, dataTypeClass: class java.lang.Void
WARN  22-07-06 19:54:31[Test worker] [OperationImplicitParameterReader:170] - Unable to interpret the implicit parameter configuration with dataType: string, dataTypeClass: class java.lang.Void
WARN  22-07-06 19:54:31[Test worker] [OperationImplicitParameterReader:170] - Unable to interpret the implicit parameter configuration with dataType: string, dataTypeClass: class java.lang.Void
WARN  22-07-06 19:54:31[Test worker] [OperationImplicitParameterReader:170] - Unable to interpret the implicit parameter configuration with dataType: string, dataTypeClass: class java.lang.Void
WARN  22-07-06 19:54:31[Test worker] [OperationImplicitParameterReader:170] - Unable to interpret the implicit parameter configuration with dataType: string, dataTypeClass: class java.lang.Void
WARN  22-07-06 19:54:31[Test worker] [OperationImplicitParameterReader:170] - Unable to interpret the implicit parameter configuration with dataType: string, dataTypeClass: class java.lang.Void
INFO  22-07-06 19:54:31[Test worker] [CodefolioApplicationTests:61] - Started CodefolioApplicationTests in 9.502 seconds (JVM running for 11.193)
]]></system-out>
  <system-err><![CDATA[]]></system-err>
</testsuite>
